     1                                  ; //****************************************************************************************************************************
     2                                  ; //Program name: "display_array". This program receives a pointer to an array of 64-bit floats
     3                                  ; //              and a count. It iterates through the array, converting each float to a string
     4                                  ; //              using 'ftoa' and printing it to stdout, followed by a newline.
     5                                  ; //
     6                                  ; //This file is part of the software program "Sum of Values".
     7                                  ; //****************************************************************************************************************************
     8                                  ; //=======1=========2=========3=========4=========5=========6=========7=========8=========9=========0=========1=========2=========3**//
     9                                  ;
    10                                  ; //Author information
    11                                  ; //  Author name: konner rigby
    12                                  ; //  Author email: rigbykonner@csu.fullerton.edu
    13                                  ; //  CWID: 884547654
    14                                  ; //  Class: 240-03 Section 03
    15                                  ; //
    16                                  ; //Program information
    17                                  ; //  Program name: Sum of Values
    18                                  ; //  Programming languages: X86 Assembly (NASM)
    19                                  ; //
    20                                  ; //Purpose
    21                                  ; //  The purpose of this file is to print the contents of the float array to the console,
    22                                  ; //  with each number on a new line, for user verification.
    23                                  ; //
    24                                  ; //This file
    25                                  ; //   File name: display_array.asm
    26                                  ; //   Language: x86 (NASM syntax)
    27                                  ; //   Compile: nasm -f elf64 -o display_array.o -l display_array.lis display_array.asm
    28                                  ; //
    29                                  ; //=======1=========2=========3=========4=========5=========6=========7=========8=========9=========0=========1=========2=========3**
    30                                  ; //
    31                                  ; //
    32                                  ; //===== Begin code area ===========================================================================================================
    33                                  
    34                                  global display_array
    35                                  extern ftoa
    36                                  
    37                                  segment .data
    38 00000000 0A00                        newline: db 0x0A, 0
    39                                  
    40                                  segment .text
    41                                  display_array:
    42                                      ; Prologue
    43 00000000 55                          push rbp
    44 00000001 4889E5                      mov  rbp, rsp
    45 00000004 4154                        push r12
    46 00000006 4155                        push r13
    47 00000008 4156                        push r14
    48 0000000A 53                          push rbx
    49                                  
    50                                      ; rdi = array pointer
    51                                      ; rsi = count
    52 0000000B 4989FC                      mov r12, rdi                ; array
    53 0000000E 4989F5                      mov r13, rsi                ; count
    54 00000011 41BE00000000                mov r14, 0                  ; index
    55                                  
    56                                  display_loop:
    57 00000017 4D39EE                      cmp r14, r13
    58 0000001A 7D45                        jge end_display_loop
    59                                  
    60                                      ; 1) element -> string
    61 0000001C F2430F1004F4                movsd xmm0, [r12 + r14*8]
    62 00000022 E8(00000000)                call ftoa
    63 00000027 4889C3                      mov   rbx, rax              ; save pointer
    64                                  
    65                                      ; 2) length
    66 0000002A 4889DF                      mov rdi, rbx
    67 0000002D E838000000                  call strlen_local
    68 00000032 4889C2                      mov rdx, rax
    69                                  
    70                                      ; 3) write string
    71 00000035 B801000000                  mov rax, 1
    72 0000003A BF01000000                  mov rdi, 1
    73 0000003F 4889DE                      mov rsi, rbx
    74 00000042 0F05                        syscall
    75                                  
    76                                      ; 4) newline
    77 00000044 B801000000                  mov rax, 1
    78 00000049 BF01000000                  mov rdi, 1
    79 0000004E 488D35(00000000)            lea rsi, [rel newline]
    80 00000055 BA01000000                  mov rdx, 1
    81 0000005A 0F05                        syscall
    82                                  
    83 0000005C 49FFC6                      inc r14
    84 0000005F EBB6                        jmp display_loop
    85                                  
    86                                  end_display_loop:
    87 00000061 5B                          pop rbx
    88 00000062 415E                        pop r14
    89 00000064 415D                        pop r13
    90 00000066 415C                        pop r12
    91 00000068 5D                          pop rbp
    92 00000069 C3                          ret
    93                                  
    94                                  ; Local strlen
    95                                  strlen_local:
    96 0000006A 57                          push rdi
    97 0000006B B800000000                  mov  rax, 0
    98                                  .Lloop:
    99 00000070 803C0700                    cmp byte [rdi+rax], 0
   100 00000074 7405                        je  .Lend
   101 00000076 48FFC0                      inc rax
   102 00000079 EBF5                        jmp .Lloop
   103                                  .Lend:
   104 0000007B 5F                          pop rdi
   105 0000007C C3                          ret
